2024-05-01 11:19:56,566 [INFO] django.utils.autoreload: Watching for file changes with StatReloader
2024-05-01 12:06:09,759 [INFO] django.utils.autoreload: Watching for file changes with StatReloader
2024-05-01 12:06:19,809 [DEBUG] schedule: Running job Job(interval=10, unit=seconds, do=job, args=(), kwargs={})
2024-05-01 12:06:25,457 [ERROR] django.request: Internal Server Error: /login/
Traceback (most recent call last):
  File "C:\Users\lvmch\AppData\Local\Packages\PythonSoftwareFoundation.Python.3.10_qbz5n2kfra8p0\LocalCache\local-packages\Python310\site-packages\django\db\backends\utils.py", line 84, in _execute
    return self.cursor.execute(sql, params)
  File "C:\Users\lvmch\AppData\Local\Packages\PythonSoftwareFoundation.Python.3.10_qbz5n2kfra8p0\LocalCache\local-packages\Python310\site-packages\django\db\backends\sqlite3\base.py", line 423, in execute
    return Database.Cursor.execute(self, query, params)
sqlite3.OperationalError: no such table: auth_user

The above exception was the direct cause of the following exception:

Traceback (most recent call last):
  File "C:\Users\lvmch\AppData\Local\Packages\PythonSoftwareFoundation.Python.3.10_qbz5n2kfra8p0\LocalCache\local-packages\Python310\site-packages\django\core\handlers\exception.py", line 47, in inner
    response = get_response(request)
  File "C:\Users\lvmch\AppData\Local\Packages\PythonSoftwareFoundation.Python.3.10_qbz5n2kfra8p0\LocalCache\local-packages\Python310\site-packages\django\core\handlers\base.py", line 181, in _get_response
    response = wrapped_callback(request, *callback_args, **callback_kwargs)
  File "C:\Users\lvmch\AppData\Local\Packages\PythonSoftwareFoundation.Python.3.10_qbz5n2kfra8p0\LocalCache\local-packages\Python310\site-packages\django\views\generic\base.py", line 70, in view
    return self.dispatch(request, *args, **kwargs)
  File "C:\Users\lvmch\AppData\Local\Packages\PythonSoftwareFoundation.Python.3.10_qbz5n2kfra8p0\LocalCache\local-packages\Python310\site-packages\django\utils\decorators.py", line 43, in _wrapper
    return bound_method(*args, **kwargs)
  File "C:\Users\lvmch\AppData\Local\Packages\PythonSoftwareFoundation.Python.3.10_qbz5n2kfra8p0\LocalCache\local-packages\Python310\site-packages\django\views\decorators\debug.py", line 89, in sensitive_post_parameters_wrapper
    return view(request, *args, **kwargs)
  File "C:\Users\lvmch\AppData\Local\Packages\PythonSoftwareFoundation.Python.3.10_qbz5n2kfra8p0\LocalCache\local-packages\Python310\site-packages\django\utils\decorators.py", line 43, in _wrapper
    return bound_method(*args, **kwargs)
  File "C:\Users\lvmch\AppData\Local\Packages\PythonSoftwareFoundation.Python.3.10_qbz5n2kfra8p0\LocalCache\local-packages\Python310\site-packages\django\utils\decorators.py", line 130, in _wrapped_view
    response = view_func(request, *args, **kwargs)
  File "C:\Users\lvmch\AppData\Local\Packages\PythonSoftwareFoundation.Python.3.10_qbz5n2kfra8p0\LocalCache\local-packages\Python310\site-packages\django\utils\decorators.py", line 43, in _wrapper
    return bound_method(*args, **kwargs)
  File "C:\Users\lvmch\AppData\Local\Packages\PythonSoftwareFoundation.Python.3.10_qbz5n2kfra8p0\LocalCache\local-packages\Python310\site-packages\django\views\decorators\cache.py", line 44, in _wrapped_view_func
    response = view_func(request, *args, **kwargs)
  File "C:\Users\lvmch\AppData\Local\Packages\PythonSoftwareFoundation.Python.3.10_qbz5n2kfra8p0\LocalCache\local-packages\Python310\site-packages\django\contrib\auth\views.py", line 63, in dispatch
    return super().dispatch(request, *args, **kwargs)
  File "C:\Users\lvmch\AppData\Local\Packages\PythonSoftwareFoundation.Python.3.10_qbz5n2kfra8p0\LocalCache\local-packages\Python310\site-packages\django\views\generic\base.py", line 98, in dispatch
    return handler(request, *args, **kwargs)
  File "C:\Users\lvmch\AppData\Local\Packages\PythonSoftwareFoundation.Python.3.10_qbz5n2kfra8p0\LocalCache\local-packages\Python310\site-packages\django\views\generic\edit.py", line 141, in post
    if form.is_valid():
  File "C:\Users\lvmch\AppData\Local\Packages\PythonSoftwareFoundation.Python.3.10_qbz5n2kfra8p0\LocalCache\local-packages\Python310\site-packages\django\forms\forms.py", line 175, in is_valid
    return self.is_bound and not self.errors
  File "C:\Users\lvmch\AppData\Local\Packages\PythonSoftwareFoundation.Python.3.10_qbz5n2kfra8p0\LocalCache\local-packages\Python310\site-packages\django\forms\forms.py", line 170, in errors
    self.full_clean()
  File "C:\Users\lvmch\AppData\Local\Packages\PythonSoftwareFoundation.Python.3.10_qbz5n2kfra8p0\LocalCache\local-packages\Python310\site-packages\django\forms\forms.py", line 373, in full_clean
    self._clean_form()
  File "C:\Users\lvmch\AppData\Local\Packages\PythonSoftwareFoundation.Python.3.10_qbz5n2kfra8p0\LocalCache\local-packages\Python310\site-packages\django\forms\forms.py", line 400, in _clean_form
    cleaned_data = self.clean()
  File "C:\Users\lvmch\AppData\Local\Packages\PythonSoftwareFoundation.Python.3.10_qbz5n2kfra8p0\LocalCache\local-packages\Python310\site-packages\django\contrib\auth\forms.py", line 202, in clean
    self.user_cache = authenticate(self.request, username=username, password=password)
  File "C:\Users\lvmch\AppData\Local\Packages\PythonSoftwareFoundation.Python.3.10_qbz5n2kfra8p0\LocalCache\local-packages\Python310\site-packages\django\views\decorators\debug.py", line 42, in sensitive_variables_wrapper
    return func(*func_args, **func_kwargs)
  File "C:\Users\lvmch\AppData\Local\Packages\PythonSoftwareFoundation.Python.3.10_qbz5n2kfra8p0\LocalCache\local-packages\Python310\site-packages\django\contrib\auth\__init__.py", line 76, in authenticate
    user = backend.authenticate(request, **credentials)
  File "C:\Users\lvmch\AppData\Local\Packages\PythonSoftwareFoundation.Python.3.10_qbz5n2kfra8p0\LocalCache\local-packages\Python310\site-packages\django\contrib\auth\backends.py", line 42, in authenticate
    user = UserModel._default_manager.get_by_natural_key(username)
  File "C:\Users\lvmch\AppData\Local\Packages\PythonSoftwareFoundation.Python.3.10_qbz5n2kfra8p0\LocalCache\local-packages\Python310\site-packages\django\contrib\auth\base_user.py", line 45, in get_by_natural_key
    return self.get(**{self.model.USERNAME_FIELD: username})
  File "C:\Users\lvmch\AppData\Local\Packages\PythonSoftwareFoundation.Python.3.10_qbz5n2kfra8p0\LocalCache\local-packages\Python310\site-packages\django\db\models\manager.py", line 85, in manager_method
    return getattr(self.get_queryset(), name)(*args, **kwargs)
  File "C:\Users\lvmch\AppData\Local\Packages\PythonSoftwareFoundation.Python.3.10_qbz5n2kfra8p0\LocalCache\local-packages\Python310\site-packages\django\db\models\query.py", line 431, in get
    num = len(clone)
  File "C:\Users\lvmch\AppData\Local\Packages\PythonSoftwareFoundation.Python.3.10_qbz5n2kfra8p0\LocalCache\local-packages\Python310\site-packages\django\db\models\query.py", line 262, in __len__
    self._fetch_all()
  File "C:\Users\lvmch\AppData\Local\Packages\PythonSoftwareFoundation.Python.3.10_qbz5n2kfra8p0\LocalCache\local-packages\Python310\site-packages\django\db\models\query.py", line 1324, in _fetch_all
    self._result_cache = list(self._iterable_class(self))
  File "C:\Users\lvmch\AppData\Local\Packages\PythonSoftwareFoundation.Python.3.10_qbz5n2kfra8p0\LocalCache\local-packages\Python310\site-packages\django\db\models\query.py", line 51, in __iter__
    results = compiler.execute_sql(chunked_fetch=self.chunked_fetch, chunk_size=self.chunk_size)
  File "C:\Users\lvmch\AppData\Local\Packages\PythonSoftwareFoundation.Python.3.10_qbz5n2kfra8p0\LocalCache\local-packages\Python310\site-packages\django\db\models\sql\compiler.py", line 1169, in execute_sql
    cursor.execute(sql, params)
  File "C:\Users\lvmch\AppData\Local\Packages\PythonSoftwareFoundation.Python.3.10_qbz5n2kfra8p0\LocalCache\local-packages\Python310\site-packages\django\db\backends\utils.py", line 98, in execute
    return super().execute(sql, params)
  File "C:\Users\lvmch\AppData\Local\Packages\PythonSoftwareFoundation.Python.3.10_qbz5n2kfra8p0\LocalCache\local-packages\Python310\site-packages\django\db\backends\utils.py", line 66, in execute
    return self._execute_with_wrappers(sql, params, many=False, executor=self._execute)
  File "C:\Users\lvmch\AppData\Local\Packages\PythonSoftwareFoundation.Python.3.10_qbz5n2kfra8p0\LocalCache\local-packages\Python310\site-packages\django\db\backends\utils.py", line 75, in _execute_with_wrappers
    return executor(sql, params, many, context)
  File "C:\Users\lvmch\AppData\Local\Packages\PythonSoftwareFoundation.Python.3.10_qbz5n2kfra8p0\LocalCache\local-packages\Python310\site-packages\django\db\backends\utils.py", line 79, in _execute
    with self.db.wrap_database_errors:
  File "C:\Users\lvmch\AppData\Local\Packages\PythonSoftwareFoundation.Python.3.10_qbz5n2kfra8p0\LocalCache\local-packages\Python310\site-packages\django\db\utils.py", line 90, in __exit__
    raise dj_exc_value.with_traceback(traceback) from exc_value
  File "C:\Users\lvmch\AppData\Local\Packages\PythonSoftwareFoundation.Python.3.10_qbz5n2kfra8p0\LocalCache\local-packages\Python310\site-packages\django\db\backends\utils.py", line 84, in _execute
    return self.cursor.execute(sql, params)
  File "C:\Users\lvmch\AppData\Local\Packages\PythonSoftwareFoundation.Python.3.10_qbz5n2kfra8p0\LocalCache\local-packages\Python310\site-packages\django\db\backends\sqlite3\base.py", line 423, in execute
    return Database.Cursor.execute(self, query, params)
django.db.utils.OperationalError: no such table: auth_user
2024-05-01 12:09:54,934 [DEBUG] asyncio: Using proactor: IocpProactor
2024-05-01 12:09:55,044 [DEBUG] asyncio: Using proactor: IocpProactor
2024-05-01 12:10:00,066 [INFO] django.utils.autoreload: Watching for file changes with StatReloader
2024-05-01 12:10:02,443 [DEBUG] asyncio: Using proactor: IocpProactor
2024-05-01 12:10:02,537 [DEBUG] asyncio: Using proactor: IocpProactor
2024-05-01 15:31:57,734 [INFO] django.utils.autoreload: Watching for file changes with StatReloader
2024-05-01 15:32:07,794 [DEBUG] schedule: Running job Job(interval=10, unit=seconds, do=job, args=(), kwargs={})
2024-05-01 15:32:53,234 [INFO] django.utils.autoreload: Watching for file changes with StatReloader
2024-05-01 15:33:03,290 [DEBUG] schedule: Running job Job(interval=10, unit=seconds, do=job, args=(), kwargs={})
2024-05-02 08:39:45,985 [INFO] django.utils.autoreload: Watching for file changes with StatReloader
2024-05-02 08:39:56,012 [DEBUG] schedule: Running job Job(interval=10, unit=seconds, do=job, args=(), kwargs={})
2024-05-02 08:40:17,064 [DEBUG] asyncio: Using proactor: IocpProactor
2024-05-02 08:40:17,268 [DEBUG] asyncio: Using proactor: IocpProactor
2024-05-02 08:40:52,889 [DEBUG] asyncio: Using proactor: IocpProactor
2024-05-02 08:41:03,806 [INFO] django.utils.autoreload: Watching for file changes with StatReloader
2024-05-02 08:41:13,837 [DEBUG] schedule: Running job Job(interval=10, unit=seconds, do=job, args=(), kwargs={})
2024-05-02 08:41:15,142 [DEBUG] asyncio: Using proactor: IocpProactor
2024-05-02 08:41:15,339 [DEBUG] asyncio: Using proactor: IocpProactor
2024-05-02 08:51:10,521 [INFO] django.utils.autoreload: Watching for file changes with StatReloader
2024-05-02 08:51:20,555 [DEBUG] schedule: Running job Job(interval=10, unit=seconds, do=job, args=(), kwargs={})
2024-05-02 08:51:30,605 [DEBUG] schedule: Running job Job(interval=10, unit=seconds, do=job, args=(), kwargs={})
2024-05-02 08:51:40,647 [DEBUG] schedule: Running job Job(interval=10, unit=seconds, do=job, args=(), kwargs={})
2024-05-02 08:51:50,313 [DEBUG] asyncio: Using proactor: IocpProactor
2024-05-02 08:51:50,507 [DEBUG] asyncio: Using proactor: IocpProactor
2024-05-02 08:56:43,629 [INFO] django.utils.autoreload: Watching for file changes with StatReloader
2024-05-02 08:56:53,662 [DEBUG] schedule: Running job Job(interval=10, unit=seconds, do=job, args=(), kwargs={})
2024-05-02 08:57:03,699 [DEBUG] schedule: Running job Job(interval=10, unit=seconds, do=job, args=(), kwargs={})
2024-05-02 08:57:13,732 [DEBUG] schedule: Running job Job(interval=10, unit=seconds, do=job, args=(), kwargs={})
2024-05-02 08:57:18,832 [DEBUG] asyncio: Using proactor: IocpProactor
2024-05-02 08:57:19,034 [DEBUG] asyncio: Using proactor: IocpProactor
2024-05-02 08:58:13,469 [DEBUG] asyncio: Using proactor: IocpProactor
2024-05-02 08:59:12,120 [INFO] django.utils.autoreload: Watching for file changes with StatReloader
2024-05-02 08:59:22,163 [DEBUG] schedule: Running job Job(interval=10, unit=seconds, do=job, args=(), kwargs={})
2024-05-02 08:59:31,167 [WARNING] django.request: Not Found: /favicon.ico
2024-05-02 08:59:32,215 [DEBUG] schedule: Running job Job(interval=10, unit=seconds, do=job, args=(), kwargs={})
2024-05-02 08:59:38,734 [DEBUG] asyncio: Using proactor: IocpProactor
2024-05-02 08:59:38,955 [DEBUG] asyncio: Using proactor: IocpProactor
2024-05-02 09:28:09,515 [INFO] django.utils.autoreload: Watching for file changes with StatReloader
2024-05-02 09:28:19,474 [DEBUG] schedule: Running job Job(interval=10, unit=seconds, do=job, args=(), kwargs={})
2024-05-02 09:28:29,483 [DEBUG] schedule: Running job Job(interval=10, unit=seconds, do=job, args=(), kwargs={})
2024-05-02 09:28:39,488 [DEBUG] schedule: Running job Job(interval=10, unit=seconds, do=job, args=(), kwargs={})
2024-05-02 09:28:49,492 [DEBUG] schedule: Running job Job(interval=10, unit=seconds, do=job, args=(), kwargs={})
2024-05-02 09:28:58,602 [DEBUG] asyncio: Using proactor: IocpProactor
2024-05-02 09:28:58,742 [DEBUG] asyncio: Using proactor: IocpProactor
2024-05-02 09:29:24,739 [INFO] django.utils.autoreload: Watching for file changes with StatReloader
2024-05-02 09:29:34,719 [DEBUG] schedule: Running job Job(interval=10, unit=seconds, do=job, args=(), kwargs={})
2024-05-02 09:29:40,652 [WARNING] django.request: Not Found: /favicon.ico
2024-05-02 09:29:44,730 [DEBUG] schedule: Running job Job(interval=10, unit=seconds, do=job, args=(), kwargs={})
2024-05-02 09:29:54,736 [DEBUG] schedule: Running job Job(interval=10, unit=seconds, do=job, args=(), kwargs={})
2024-05-02 09:30:04,745 [DEBUG] schedule: Running job Job(interval=10, unit=seconds, do=job, args=(), kwargs={})
2024-05-02 09:30:14,751 [DEBUG] schedule: Running job Job(interval=10, unit=seconds, do=job, args=(), kwargs={})
2024-05-02 09:30:24,758 [DEBUG] schedule: Running job Job(interval=10, unit=seconds, do=job, args=(), kwargs={})
2024-05-02 09:30:34,765 [DEBUG] schedule: Running job Job(interval=10, unit=seconds, do=job, args=(), kwargs={})
2024-05-02 09:30:43,565 [WARNING] django.request: Not Found: /favicon.ico
2024-05-02 09:30:44,771 [DEBUG] schedule: Running job Job(interval=10, unit=seconds, do=job, args=(), kwargs={})
2024-05-02 09:30:54,778 [DEBUG] schedule: Running job Job(interval=10, unit=seconds, do=job, args=(), kwargs={})
2024-05-02 09:31:04,784 [DEBUG] schedule: Running job Job(interval=10, unit=seconds, do=job, args=(), kwargs={})
2024-05-02 09:31:14,788 [DEBUG] schedule: Running job Job(interval=10, unit=seconds, do=job, args=(), kwargs={})
2024-05-02 09:31:15,644 [DEBUG] asyncio: Using proactor: IocpProactor
2024-05-02 09:31:15,789 [DEBUG] asyncio: Using proactor: IocpProactor
2024-05-02 09:39:14,918 [INFO] django.utils.autoreload: Watching for file changes with StatReloader
2024-05-02 09:39:24,944 [DEBUG] schedule: Running job Job(interval=10, unit=seconds, do=job, args=(), kwargs={})
2024-05-02 09:39:35,007 [DEBUG] schedule: Running job Job(interval=10, unit=seconds, do=job, args=(), kwargs={})
2024-05-02 09:39:45,042 [DEBUG] schedule: Running job Job(interval=10, unit=seconds, do=job, args=(), kwargs={})
2024-05-02 09:39:47,388 [DEBUG] asyncio: Using proactor: IocpProactor
2024-05-02 09:39:47,587 [DEBUG] asyncio: Using proactor: IocpProactor
2024-05-02 09:57:44,105 [INFO] django.utils.autoreload: Watching for file changes with StatReloader
2024-05-02 09:57:54,140 [DEBUG] schedule: Running job Job(interval=10, unit=seconds, do=job, args=(), kwargs={})
2024-05-02 09:58:04,188 [DEBUG] schedule: Running job Job(interval=10, unit=seconds, do=job, args=(), kwargs={})
2024-05-02 09:58:14,220 [DEBUG] schedule: Running job Job(interval=10, unit=seconds, do=job, args=(), kwargs={})
2024-05-02 09:58:24,259 [DEBUG] schedule: Running job Job(interval=10, unit=seconds, do=job, args=(), kwargs={})
2024-05-02 09:58:34,297 [DEBUG] schedule: Running job Job(interval=10, unit=seconds, do=job, args=(), kwargs={})
2024-05-02 09:58:44,367 [DEBUG] schedule: Running job Job(interval=10, unit=seconds, do=job, args=(), kwargs={})
2024-05-02 09:58:54,398 [DEBUG] schedule: Running job Job(interval=10, unit=seconds, do=job, args=(), kwargs={})
2024-05-02 09:59:04,443 [DEBUG] schedule: Running job Job(interval=10, unit=seconds, do=job, args=(), kwargs={})
2024-05-02 09:59:14,477 [DEBUG] schedule: Running job Job(interval=10, unit=seconds, do=job, args=(), kwargs={})
2024-05-02 09:59:24,532 [DEBUG] schedule: Running job Job(interval=10, unit=seconds, do=job, args=(), kwargs={})
2024-05-02 09:59:34,581 [DEBUG] schedule: Running job Job(interval=10, unit=seconds, do=job, args=(), kwargs={})
2024-05-02 09:59:44,621 [DEBUG] schedule: Running job Job(interval=10, unit=seconds, do=job, args=(), kwargs={})
2024-05-02 09:59:54,653 [DEBUG] schedule: Running job Job(interval=10, unit=seconds, do=job, args=(), kwargs={})
2024-05-02 10:00:04,681 [DEBUG] schedule: Running job Job(interval=10, unit=seconds, do=job, args=(), kwargs={})
2024-05-02 10:00:14,731 [DEBUG] schedule: Running job Job(interval=10, unit=seconds, do=job, args=(), kwargs={})
2024-05-02 10:00:24,787 [DEBUG] schedule: Running job Job(interval=10, unit=seconds, do=job, args=(), kwargs={})
2024-05-02 10:00:34,843 [DEBUG] schedule: Running job Job(interval=10, unit=seconds, do=job, args=(), kwargs={})
2024-05-02 10:00:44,927 [DEBUG] schedule: Running job Job(interval=10, unit=seconds, do=job, args=(), kwargs={})
2024-05-02 10:00:54,983 [DEBUG] schedule: Running job Job(interval=10, unit=seconds, do=job, args=(), kwargs={})
2024-05-02 10:01:05,065 [DEBUG] schedule: Running job Job(interval=10, unit=seconds, do=job, args=(), kwargs={})
2024-05-02 10:01:15,122 [DEBUG] schedule: Running job Job(interval=10, unit=seconds, do=job, args=(), kwargs={})
2024-05-02 10:01:25,220 [DEBUG] schedule: Running job Job(interval=10, unit=seconds, do=job, args=(), kwargs={})
2024-05-02 10:01:35,266 [DEBUG] schedule: Running job Job(interval=10, unit=seconds, do=job, args=(), kwargs={})
2024-05-02 10:01:45,328 [DEBUG] schedule: Running job Job(interval=10, unit=seconds, do=job, args=(), kwargs={})
2024-05-02 10:01:55,422 [DEBUG] schedule: Running job Job(interval=10, unit=seconds, do=job, args=(), kwargs={})
2024-05-02 10:02:05,487 [DEBUG] schedule: Running job Job(interval=10, unit=seconds, do=job, args=(), kwargs={})
2024-05-02 10:02:15,550 [DEBUG] schedule: Running job Job(interval=10, unit=seconds, do=job, args=(), kwargs={})
2024-05-02 10:02:25,633 [DEBUG] schedule: Running job Job(interval=10, unit=seconds, do=job, args=(), kwargs={})
2024-05-02 10:02:35,705 [DEBUG] schedule: Running job Job(interval=10, unit=seconds, do=job, args=(), kwargs={})
2024-05-02 10:02:45,769 [DEBUG] schedule: Running job Job(interval=10, unit=seconds, do=job, args=(), kwargs={})
2024-05-02 10:02:55,816 [DEBUG] schedule: Running job Job(interval=10, unit=seconds, do=job, args=(), kwargs={})
2024-05-02 10:03:05,886 [DEBUG] schedule: Running job Job(interval=10, unit=seconds, do=job, args=(), kwargs={})
2024-05-02 10:03:15,929 [DEBUG] schedule: Running job Job(interval=10, unit=seconds, do=job, args=(), kwargs={})
2024-05-02 10:03:25,970 [DEBUG] schedule: Running job Job(interval=10, unit=seconds, do=job, args=(), kwargs={})
2024-05-02 10:03:36,030 [DEBUG] schedule: Running job Job(interval=10, unit=seconds, do=job, args=(), kwargs={})
2024-05-02 10:03:46,114 [DEBUG] schedule: Running job Job(interval=10, unit=seconds, do=job, args=(), kwargs={})
2024-05-02 10:03:56,184 [DEBUG] schedule: Running job Job(interval=10, unit=seconds, do=job, args=(), kwargs={})
2024-05-02 10:04:06,267 [DEBUG] schedule: Running job Job(interval=10, unit=seconds, do=job, args=(), kwargs={})
2024-05-02 10:04:16,311 [DEBUG] schedule: Running job Job(interval=10, unit=seconds, do=job, args=(), kwargs={})
2024-05-02 10:04:26,350 [DEBUG] schedule: Running job Job(interval=10, unit=seconds, do=job, args=(), kwargs={})
2024-05-02 10:04:36,407 [DEBUG] schedule: Running job Job(interval=10, unit=seconds, do=job, args=(), kwargs={})
2024-05-02 10:04:46,504 [DEBUG] schedule: Running job Job(interval=10, unit=seconds, do=job, args=(), kwargs={})
2024-05-02 10:04:56,560 [DEBUG] schedule: Running job Job(interval=10, unit=seconds, do=job, args=(), kwargs={})
2024-05-02 10:05:06,596 [DEBUG] schedule: Running job Job(interval=10, unit=seconds, do=job, args=(), kwargs={})
2024-05-02 10:05:16,656 [DEBUG] schedule: Running job Job(interval=10, unit=seconds, do=job, args=(), kwargs={})
2024-05-02 10:05:26,756 [DEBUG] schedule: Running job Job(interval=10, unit=seconds, do=job, args=(), kwargs={})
2024-05-02 10:05:36,807 [DEBUG] schedule: Running job Job(interval=10, unit=seconds, do=job, args=(), kwargs={})
2024-05-02 10:05:46,860 [DEBUG] schedule: Running job Job(interval=10, unit=seconds, do=job, args=(), kwargs={})
2024-05-02 10:05:56,902 [DEBUG] schedule: Running job Job(interval=10, unit=seconds, do=job, args=(), kwargs={})
2024-05-02 10:06:06,950 [DEBUG] schedule: Running job Job(interval=10, unit=seconds, do=job, args=(), kwargs={})
2024-05-02 10:06:16,993 [DEBUG] schedule: Running job Job(interval=10, unit=seconds, do=job, args=(), kwargs={})
2024-05-02 10:06:27,073 [DEBUG] schedule: Running job Job(interval=10, unit=seconds, do=job, args=(), kwargs={})
2024-05-02 10:06:37,145 [DEBUG] schedule: Running job Job(interval=10, unit=seconds, do=job, args=(), kwargs={})
2024-05-02 10:06:47,215 [DEBUG] schedule: Running job Job(interval=10, unit=seconds, do=job, args=(), kwargs={})
2024-05-02 10:06:57,260 [DEBUG] schedule: Running job Job(interval=10, unit=seconds, do=job, args=(), kwargs={})
2024-05-02 10:07:07,327 [DEBUG] schedule: Running job Job(interval=10, unit=seconds, do=job, args=(), kwargs={})
2024-05-02 10:07:17,401 [DEBUG] schedule: Running job Job(interval=10, unit=seconds, do=job, args=(), kwargs={})
2024-05-02 10:07:27,425 [DEBUG] schedule: Running job Job(interval=10, unit=seconds, do=job, args=(), kwargs={})
2024-05-02 10:07:37,499 [DEBUG] schedule: Running job Job(interval=10, unit=seconds, do=job, args=(), kwargs={})
2024-05-02 10:07:47,527 [DEBUG] schedule: Running job Job(interval=10, unit=seconds, do=job, args=(), kwargs={})
2024-05-02 10:07:57,585 [DEBUG] schedule: Running job Job(interval=10, unit=seconds, do=job, args=(), kwargs={})
2024-05-02 10:08:07,654 [DEBUG] schedule: Running job Job(interval=10, unit=seconds, do=job, args=(), kwargs={})
2024-05-02 10:08:17,695 [DEBUG] schedule: Running job Job(interval=10, unit=seconds, do=job, args=(), kwargs={})
2024-05-02 10:08:27,807 [DEBUG] schedule: Running job Job(interval=10, unit=seconds, do=job, args=(), kwargs={})
2024-05-02 10:08:37,849 [DEBUG] schedule: Running job Job(interval=10, unit=seconds, do=job, args=(), kwargs={})
2024-05-02 10:08:47,919 [DEBUG] schedule: Running job Job(interval=10, unit=seconds, do=job, args=(), kwargs={})
2024-05-02 10:08:57,990 [DEBUG] schedule: Running job Job(interval=10, unit=seconds, do=job, args=(), kwargs={})
2024-05-02 10:09:08,057 [DEBUG] schedule: Running job Job(interval=10, unit=seconds, do=job, args=(), kwargs={})
2024-05-02 10:09:18,112 [DEBUG] schedule: Running job Job(interval=10, unit=seconds, do=job, args=(), kwargs={})
2024-05-02 10:09:28,174 [DEBUG] schedule: Running job Job(interval=10, unit=seconds, do=job, args=(), kwargs={})
2024-05-02 10:09:38,200 [DEBUG] schedule: Running job Job(interval=10, unit=seconds, do=job, args=(), kwargs={})
2024-05-02 10:09:48,243 [DEBUG] schedule: Running job Job(interval=10, unit=seconds, do=job, args=(), kwargs={})
2024-05-02 10:09:58,287 [DEBUG] schedule: Running job Job(interval=10, unit=seconds, do=job, args=(), kwargs={})
2024-05-02 10:10:08,353 [DEBUG] schedule: Running job Job(interval=10, unit=seconds, do=job, args=(), kwargs={})
2024-05-02 10:10:18,397 [DEBUG] schedule: Running job Job(interval=10, unit=seconds, do=job, args=(), kwargs={})
2024-05-02 10:10:28,483 [DEBUG] schedule: Running job Job(interval=10, unit=seconds, do=job, args=(), kwargs={})
2024-05-02 10:10:38,537 [DEBUG] schedule: Running job Job(interval=10, unit=seconds, do=job, args=(), kwargs={})
2024-05-02 10:10:48,591 [DEBUG] schedule: Running job Job(interval=10, unit=seconds, do=job, args=(), kwargs={})
2024-05-02 10:10:58,649 [DEBUG] schedule: Running job Job(interval=10, unit=seconds, do=job, args=(), kwargs={})
2024-05-02 10:11:08,720 [DEBUG] schedule: Running job Job(interval=10, unit=seconds, do=job, args=(), kwargs={})
2024-05-02 10:11:18,746 [DEBUG] schedule: Running job Job(interval=10, unit=seconds, do=job, args=(), kwargs={})
2024-05-02 10:11:28,791 [DEBUG] schedule: Running job Job(interval=10, unit=seconds, do=job, args=(), kwargs={})
2024-05-02 10:11:38,835 [DEBUG] schedule: Running job Job(interval=10, unit=seconds, do=job, args=(), kwargs={})
2024-05-02 10:11:48,916 [DEBUG] schedule: Running job Job(interval=10, unit=seconds, do=job, args=(), kwargs={})
2024-05-02 10:11:58,943 [DEBUG] schedule: Running job Job(interval=10, unit=seconds, do=job, args=(), kwargs={})
2024-05-02 10:12:08,997 [DEBUG] schedule: Running job Job(interval=10, unit=seconds, do=job, args=(), kwargs={})
2024-05-02 10:12:19,084 [DEBUG] schedule: Running job Job(interval=10, unit=seconds, do=job, args=(), kwargs={})
2024-05-02 10:12:29,166 [DEBUG] schedule: Running job Job(interval=10, unit=seconds, do=job, args=(), kwargs={})
2024-05-02 10:12:39,210 [DEBUG] schedule: Running job Job(interval=10, unit=seconds, do=job, args=(), kwargs={})
2024-05-02 10:12:49,252 [DEBUG] schedule: Running job Job(interval=10, unit=seconds, do=job, args=(), kwargs={})
2024-05-02 10:12:59,314 [DEBUG] schedule: Running job Job(interval=10, unit=seconds, do=job, args=(), kwargs={})
2024-05-02 10:13:09,371 [DEBUG] schedule: Running job Job(interval=10, unit=seconds, do=job, args=(), kwargs={})
2024-05-02 10:13:19,400 [DEBUG] schedule: Running job Job(interval=10, unit=seconds, do=job, args=(), kwargs={})
2024-05-02 10:13:29,469 [DEBUG] schedule: Running job Job(interval=10, unit=seconds, do=job, args=(), kwargs={})
2024-05-02 10:13:39,513 [DEBUG] schedule: Running job Job(interval=10, unit=seconds, do=job, args=(), kwargs={})
2024-05-02 10:13:43,899 [DEBUG] asyncio: Using proactor: IocpProactor
2024-05-02 10:13:44,108 [DEBUG] asyncio: Using proactor: IocpProactor
